<?xml version="1.0" encoding="UTF-8"?>
<!-- Generated by org.testng.reporters.JUnitReportReporter -->
<testsuite hostname="NIKITA" failures="0" tests="1" name="test.LoanTest" time="0.011" errors="0" timestamp="2022-09-03T12:19:30 IST" skipped="0">
  <testcase classname="test.LoanTest" name="PersonalLoanTest1" time="0.011"/>
  <system-out/>
</testsuite> <!-- test.LoanTest -->
